Flutter crash report; please file at https://github.com/flutter/flutter/issues.

## command

flutter --no-color create --template app --description Monkey learn Flutter. --org priv.monkey.learn learn_flutter

## exception

FileSystemException: FileSystemException: Cannot resolve symbolic links, path = 'D:\鎼滅嫄褰遍煶\5.2.3.12\adb.exe' (OS Error: 系统找不到指定的路径。
, errno = 3)

```
#0      FileSystemEntity._throwIfError (dart:io/file_system_entity.dart:780)
#1      FileSystemEntity.resolveSymbolicLinksSync (dart:io/file_system_entity.dart:394)
#2      ForwardingFileSystemEntity.resolveSymbolicLinksSync (package:file/src/forwarding/forwarding_file_system_entity.dart:58)
#3      AndroidSdk.locateAndroidSdk.findAndroidHomeDir (package:flutter_tools/src/android/android_sdk.dart:170)
#4      AndroidSdk.locateAndroidSdk (package:flutter_tools/src/android/android_sdk.dart:214)
#5      AppContext._generateIfNecessary.<anonymous closure> (package:flutter_tools/src/base/context.dart:99)
#6      _HashVMBase&MapMixin&&_LinkedHashMapMixin.putIfAbsent (dart:collection-patch/dart:collection/compact_hash.dart:277)
#7      AppContext._generateIfNecessary (package:flutter_tools/src/base/context.dart:87)
#8      AppContext.[] (package:flutter_tools/src/base/context.dart:114)
#9      AppContext.[] (package:flutter_tools/src/base/context.dart:113)
#10     AppContext.[] (package:flutter_tools/src/base/context.dart:113)
#11     androidSdk (package:flutter_tools/src/android/android_sdk.dart:21)
#12     CreateCommand.runCommand (package:flutter_tools/src/commands/create.dart:236)
<asynchronous suspension>
#13     FlutterCommand.verifyThenRunCommand (package:flutter_tools/src/runner/flutter_command.dart:344)
<asynchronous suspension>
#14     FlutterCommand.run.<anonymous closure> (package:flutter_tools/src/runner/flutter_command.dart:279)
<asynchronous suspension>
#15     AppContext.run.<anonymous closure> (package:flutter_tools/src/base/context.dart:142)
<asynchronous suspension>
#16     _rootRun (dart:async/zone.dart:1126)
#17     _CustomZone.run (dart:async/zone.dart:1023)
#18     runZoned (dart:async/zone.dart:1501)
#19     AppContext.run (package:flutter_tools/src/base/context.dart:141)
<asynchronous suspension>
#20     FlutterCommand.run (package:flutter_tools/src/runner/flutter_command.dart:270)
#21     CommandRunner.runCommand (package:args/command_runner.dart:194)
<asynchronous suspension>
#22     FlutterCommandRunner.runCommand.<anonymous closure> (package:flutter_tools/src/runner/flutter_command_runner.dart:309)
<asynchronous suspension>
#23     AppContext.run.<anonymous closure> (package:flutter_tools/src/base/context.dart:142)
<asynchronous suspension>
#24     _rootRun (dart:async/zone.dart:1126)
#25     _CustomZone.run (dart:async/zone.dart:1023)
#26     runZoned (dart:async/zone.dart:1501)
#27     AppContext.run (package:flutter_tools/src/base/context.dart:141)
<asynchronous suspension>
#28     FlutterCommandRunner.runCommand (package:flutter_tools/src/runner/flutter_command_runner.dart:265)
<asynchronous suspension>
#29     CommandRunner.run.<anonymous closure> (package:args/command_runner.dart:109)
#30     new Future.sync (dart:async/future.dart:222)
#31     CommandRunner.run (package:args/command_runner.dart:109)
#32     FlutterCommandRunner.run (package:flutter_tools/src/runner/flutter_command_runner.dart:174)
#33     run.<anonymous closure> (package:flutter_tools/runner.dart:54)
<asynchronous suspension>
#34     AppContext.run.<anonymous closure> (package:flutter_tools/src/base/context.dart:142)
<asynchronous suspension>
#35     _rootRun (dart:async/zone.dart:1126)
#36     _CustomZone.run (dart:async/zone.dart:1023)
#37     runZoned (dart:async/zone.dart:1501)
#38     AppContext.run (package:flutter_tools/src/base/context.dart:141)
<asynchronous suspension>
#39     runInContext (package:flutter_tools/src/context_runner.dart:43)
<asynchronous suspension>
#40     run (package:flutter_tools/runner.dart:49)
#41     main (package:flutter_tools/executable.dart:49)
<asynchronous suspension>
#42     main (file:///E:/b/build/slave/Windows_Flutter_Packaging/build/archive/flutter/packages/flutter_tools/bin/flutter_tools.dart:8)
#43     _startIsolate.<anonymous closure> (dart:isolate-patch/dart:isolate/isolate_patch.dart:277)
#44     _RawReceivePortImpl._handleMessage (dart:isolate-patch/dart:isolate/isolate_patch.dart:165)
```

## flutter doctor

```
encountered exception: FileSystemException: Cannot resolve symbolic links, path = 'D:\鎼滅嫄褰遍煶\5.2.3.12\adb.exe' (OS Error: 系统找不到指定的路径。
, errno = 3)

#0      FileSystemEntity._throwIfError (dart:io/file_system_entity.dart:780)
#1      FileSystemEntity.resolveSymbolicLinksSync (dart:io/file_system_entity.dart:394)
#2      ForwardingFileSystemEntity.resolveSymbolicLinksSync (package:file/src/forwarding/forwarding_file_system_entity.dart:58)
#3      AndroidSdk.locateAndroidSdk.findAndroidHomeDir (package:flutter_tools/src/android/android_sdk.dart:170)
#4      AndroidSdk.locateAndroidSdk (package:flutter_tools/src/android/android_sdk.dart:214)
#5      AppContext._generateIfNecessary.<anonymous closure> (package:flutter_tools/src/base/context.dart:99)
#6      _HashVMBase&MapMixin&&_LinkedHashMapMixin.putIfAbsent (dart:collection-patch/dart:collection/compact_hash.dart:277)
#7      AppContext._generateIfNecessary (package:flutter_tools/src/base/context.dart:87)
#8      AppContext.[] (package:flutter_tools/src/base/context.dart:114)
#9      AppContext.[] (package:flutter_tools/src/base/context.dart:113)
#10     androidSdk (package:flutter_tools/src/android/android_sdk.dart:21)
#11     AndroidWorkflow.canListDevices (package:flutter_tools/src/android/android_workflow.dart:40)
#12     AndroidDevices.canListAnything (package:flutter_tools/src/android/android_device.dart:51)
#13     DeviceManager.canListAnything.<anonymous closure> (package:flutter_tools/src/device.dart:101)
#14     Iterable.any (dart:core/iterable.dart:390)
#15     DeviceManager.canListAnything (package:flutter_tools/src/device.dart:101)
#16     _DefaultDoctorValidatorsProvider.validators (package:flutter_tools/src/doctor.dart:63)
#17     Doctor.validators (package:flutter_tools/src/doctor.dart:80)
#18     Doctor.startValidatorTasks (package:flutter_tools/src/doctor.dart:87)
#19     Doctor.diagnose (package:flutter_tools/src/doctor.dart:145)
<asynchronous suspension>
#20     _doctorText.<anonymous closure> (package:flutter_tools/runner.dart:189)
#21     AppContext.run.<anonymous closure> (package:flutter_tools/src/base/context.dart:142)
<asynchronous suspension>
#22     _rootRun (dart:async/zone.dart:1126)
#23     _CustomZone.run (dart:async/zone.dart:1023)
#24     runZoned (dart:async/zone.dart:1501)
#25     AppContext.run (package:flutter_tools/src/base/context.dart:141)
<asynchronous suspension>
#26     _doctorText (package:flutter_tools/runner.dart:188)
<asynchronous suspension>
#27     _createLocalCrashReport (package:flutter_tools/runner.dart:166)
<asynchronous suspension>
#28     _handleToolError (package:flutter_tools/runner.dart:121)
<asynchronous suspension>
#29     run.<anonymous closure> (package:flutter_tools/runner.dart:58)
<asynchronous suspension>
#30     AppContext.run.<anonymous closure> (package:flutter_tools/src/base/context.dart:142)
<asynchronous suspension>
#31     _rootRun (dart:async/zone.dart:1126)
#32     _CustomZone.run (dart:async/zone.dart:1023)
#33     runZoned (dart:async/zone.dart:1501)
#34     AppContext.run (package:flutter_tools/src/base/context.dart:141)
<asynchronous suspension>
#35     runInContext (package:flutter_tools/src/context_runner.dart:43)
<asynchronous suspension>
#36     run (package:flutter_tools/runner.dart:49)
#37     main (package:flutter_tools/executable.dart:49)
<asynchronous suspension>
#38     main (file:///E:/b/build/slave/Windows_Flutter_Packaging/build/archive/flutter/packages/flutter_tools/bin/flutter_tools.dart:8)
#39     _startIsolate.<anonymous closure> (dart:isolate-patch/dart:isolate/isolate_patch.dart:277)
#40     _RawReceivePortImpl._handleMessage (dart:isolate-patch/dart:isolate/isolate_patch.dart:165)
```
